<?xml version="1.0" encoding="UTF-8"?>
<!-- Generated by org.testng.reporters.JUnitReportReporter -->
<testsuite hostname="DESKTOP-46US61V" failures="0" tests="1" name="com.inetbanking.testCases.TC_LoginTest_001" time="3.272" errors="0" timestamp="16 Apr 2020 02:05:33 GMT" skipped="0">
  <testcase classname="com.inetbanking.testCases.TC_LoginTest_001" name="loginTest" time="3.272"/>
</testsuite> <!-- com.inetbanking.testCases.TC_LoginTest_001 -->
