<?xml version="1.0" encoding="UTF-8"?>
<!-- Generated by org.testng.reporters.JUnitReportReporter -->
<testsuite hostname="DESKTOP-46US61V" failures="0" tests="1" name="com.inetbanking.testCases.TC_LoginTest_001" time="2.692" errors="0" timestamp="15 Apr 2020 17:16:57 GMT" skipped="0">
  <testcase classname="com.inetbanking.testCases.TC_LoginTest_001" name="loginTest" time="2.692"/>
</testsuite> <!-- com.inetbanking.testCases.TC_LoginTest_001 -->
